<?xml version="1.0" encoding="UTF-8"?>
<testsuite name="Calculator.SimpleCalculator.CalculatorTest" tests="7" skipped="0" failures="0" errors="0" timestamp="2019-02-26T09:43:37" hostname="CDC2-L-5465PFK" time="0.012">
  <properties/>
  <testcase name="testDoSub" classname="Calculator.SimpleCalculator.CalculatorTest" time="0.004"/>
  <testcase name="testDoAdd1" classname="Calculator.SimpleCalculator.CalculatorTest" time="0.0"/>
  <testcase name="testDoAdd2" classname="Calculator.SimpleCalculator.CalculatorTest" time="0.001"/>
  <testcase name="testDoDiv1" classname="Calculator.SimpleCalculator.CalculatorTest" time="0.001"/>
  <testcase name="testDoDiv2" classname="Calculator.SimpleCalculator.CalculatorTest" time="0.0"/>
  <testcase name="testDoMul1" classname="Calculator.SimpleCalculator.CalculatorTest" time="0.0"/>
  <testcase name="testDoMul2" classname="Calculator.SimpleCalculator.CalculatorTest" time="0.001"/>
  <system-out><![CDATA[]]></system-out>
  <system-err><![CDATA[]]></system-err>
</testsuite>
